\BOOKMARK [0][-]{section*.1}{Abstract}{}% 1
\BOOKMARK [0][-]{chapter.1}{Introduction}{}% 2
\BOOKMARK [1][-]{section.1.1}{Overview - GORILLA}{chapter.1}% 3
\BOOKMARK [0][-]{chapter.2}{Grid Implementations for Gorilla}{}% 4
\BOOKMARK [1][-]{section.2.1}{Requirements and structure}{chapter.2}% 5
\BOOKMARK [1][-]{section.2.2}{Cylindrical contour Grid}{chapter.2}% 6
\BOOKMARK [2][-]{subsection.2.2.1}{Generating the vertices}{section.2.2}% 7
\BOOKMARK [2][-]{subsection.2.2.2}{Get correct vertices of tetrahedra}{section.2.2}% 8
\BOOKMARK [2][-]{subsection.2.2.3}{Get neighbors of tetrahedra}{section.2.2}% 9
\BOOKMARK [2][-]{subsection.2.2.4}{Periodic boundary conditions}{section.2.2}% 10
\BOOKMARK [2][-]{subsection.2.2.5}{Grid visualization}{section.2.2}% 11
\BOOKMARK [2][-]{subsection.2.2.6}{Field lines in cylindrical contour grid using cylindrical coordinates}{section.2.2}% 12
\BOOKMARK [1][-]{section.2.3}{Field Aligned Grid}{chapter.2}% 13
\BOOKMARK [2][-]{subsection.2.3.1}{Field lines in toroidal fusion devices and safety factor}{section.2.3}% 14
\BOOKMARK [2][-]{subsection.2.3.2}{Field line integration and splining of axisymmetric fields}{section.2.3}% 15
\BOOKMARK [2][-]{subsection.2.3.3}{Field aligned grid generation}{section.2.3}% 16
\BOOKMARK [0][-]{chapter.3}{Analytical treatment of equations of motion in Gorilla}{}% 17
\BOOKMARK [1][-]{section.3.1}{Analytical solution of equations of motion}{chapter.3}% 18
\BOOKMARK [2][-]{subsection.3.1.1}{Reduction to a set of three linear ODEs}{section.3.1}% 19
\BOOKMARK [2][-]{subsection.3.1.2}{Homogeneous solution to equation of motion}{section.3.1}% 20
\BOOKMARK [2][-]{subsection.3.1.3}{Particular solution: variation of constants}{section.3.1}% 21
\BOOKMARK [2][-]{subsection.3.1.4}{Axisymmetric case}{section.3.1}% 22
\BOOKMARK [2][-]{subsection.3.1.5}{Axisymmetric homogeneous solution}{section.3.1}% 23
\BOOKMARK [2][-]{subsection.3.1.6}{Axisymmetric particular solution: variation of constants}{section.3.1}% 24
\BOOKMARK [1][-]{section.3.2}{Integration of equations of motion with RK4}{chapter.3}% 25
\BOOKMARK [2][-]{subsection.3.2.1}{Derivation of the RK4-Error for Gorilla}{section.3.2}% 26
\BOOKMARK [2][-]{subsection.3.2.2}{Taylor expansion of the analytical solution}{section.3.2}% 27
\BOOKMARK [1][-]{section.3.3}{Measurement of the RK4 error}{chapter.3}% 28
\BOOKMARK [0][-]{chapter.4}{Particle orbit pusher algorithms}{}% 29
\BOOKMARK [1][-]{section.4.1}{Pusher routine pusher\137tetra\137orbit}{chapter.4}% 30
\BOOKMARK [2][-]{subsection.4.1.1}{Initializing constants of motion}{section.4.1}% 31
\BOOKMARK [2][-]{subsection.4.1.2}{Particle pushing algorithm}{section.4.1}% 32
\BOOKMARK [1][-]{section.4.2}{Pusher routine pusher\137tetra\137orbit\137analytic}{chapter.4}% 33
\BOOKMARK [1][-]{section.4.3}{Search routines for tetrahedra with starting points}{chapter.4}% 34
\BOOKMARK [0][-]{chapter.5}{Monte Carlo simulation of particle transport using Gorilla}{}% 35
\BOOKMARK [0][-]{chapter.6}{Conclusion and outlook}{}% 36
\BOOKMARK [0][-]{appendix.A}{Lagrange polynomial interpolation}{}% 37
\BOOKMARK [1][-]{section.A.1}{Introduction}{appendix.A}% 38
\BOOKMARK [1][-]{section.A.2}{Application for a simple exponential}{appendix.A}% 39
\BOOKMARK [0][-]{appendix.B}{Runge-Kutta integration}{}% 40
\BOOKMARK [1][-]{section.B.1}{General formulation}{appendix.B}% 41
\BOOKMARK [1][-]{section.B.2}{RK4 with application}{appendix.B}% 42
\BOOKMARK [1][-]{section.B.3}{Runge-Kutta-Fehlberg - RK45}{appendix.B}% 43
\BOOKMARK [0][-]{appendix*.48}{Bibliography}{}% 44
